<?xml version="1.0" encoding="UTF-8"?>
<!-- Generated by org.testng.reporters.JUnitXMLReporter -->
<testsuite hostname="LP-TZD-0X105599" ignored="0" name="Default test" tests="3" failures="0" timestamp="09 Feb 2023 03:36:47 GMT" time="7.751" errors="0">
  <testcase name="AddPet" time="2.653" classname="api.tests.PetStoreAPITest"/>
  <testcase name="GetPet" time="1.533" classname="api.tests.PetStoreAPITest"/>
  <testcase name="UpdatePet" time="3.522" classname="api.tests.PetStoreAPITest"/>
</testsuite> <!-- Default test -->
