<?xml version="1.0" encoding="UTF-8"?>
<!-- Generated by org.testng.reporters.JUnitXMLReporter -->
<testsuite ignored="0" hostname="DESKTOP-J9MFN47" failures="0" tests="3" name="Test" time="9.904" errors="0" timestamp="24 Feb 2023 05:55:44 GMT">
  <testcase classname="api.tests.PetStoreAPITest" name="AddPet" time="4.676"/>
  <testcase classname="api.tests.PetStoreAPITest" name="GetPet" time="1.267"/>
  <testcase classname="api.tests.PetStoreAPITest" name="UpdatePet" time="3.879"/>
</testsuite> <!-- Test -->
