<?xml version="1.0" encoding="UTF-8"?>
<testng-results ignored="0" total="3" passed="3" failed="0" skipped="0">
  <reporter-output>
  </reporter-output>
  <suite started-at="2023-02-24T05:55:34Z" name="Suite" finished-at="2023-02-24T05:55:44Z" duration-ms="9904">
    <groups>
    </groups>
    <test started-at="2023-02-24T05:55:34Z" name="Test" finished-at="2023-02-24T05:55:44Z" duration-ms="9904">
      <class name="api.tests.PetStoreAPITest">
        <test-method signature="AddPet()[pri:0, instance:api.tests.PetStoreAPITest@21ba0741]" started-at="2023-02-24T05:55:34Z" name="AddPet" finished-at="2023-02-24T05:55:39Z" duration-ms="4676" status="PASS">
          <reporter-output>
          </reporter-output>
        </test-method> <!-- AddPet -->
        <test-method signature="GetPet()[pri:0, instance:api.tests.PetStoreAPITest@21ba0741]" started-at="2023-02-24T05:55:39Z" name="GetPet" finished-at="2023-02-24T05:55:40Z" duration-ms="1267" status="PASS">
          <reporter-output>
          </reporter-output>
        </test-method> <!-- GetPet -->
        <test-method signature="UpdatePet()[pri:0, instance:api.tests.PetStoreAPITest@21ba0741]" started-at="2023-02-24T05:55:40Z" name="UpdatePet" finished-at="2023-02-24T05:55:44Z" duration-ms="3879" status="PASS">
          <reporter-output>
          </reporter-output>
        </test-method> <!-- UpdatePet -->
      </class> <!-- api.tests.PetStoreAPITest -->
    </test> <!-- Test -->
  </suite> <!-- Suite -->
</testng-results>
